0 info it worked if it ends with ok
1 verbose cli [ 'C:\\Users\\lam\\AppData\\Local\\.meteor\\packages\\meteor-tool\\1.4.1_2\\mt-os.windows.x86_32\\dev_bundle\\bin\\node.exe',
1 verbose cli   'C:\\Users\\lam\\AppData\\Local\\.meteor\\packages\\meteor-tool\\1.4.1_2\\mt-os.windows.x86_32\\dev_bundle\\lib\\node_modules\\npm\\bin\\npm-cli.js',
1 verbose cli   'install',
1 verbose cli   '--save',
1 verbose cli   'bcrypt' ]
2 info using npm@3.10.8
3 info using node@v4.6.0
4 silly loadCurrentTree Starting
5 silly install loadCurrentTree
6 silly install readLocalPackageData
7 silly fetchPackageMetaData bcrypt
8 silly fetchNamedPackageData bcrypt
9 silly mapToRegistry name bcrypt
10 silly mapToRegistry using default registry
11 silly mapToRegistry registry https://registry.npmjs.org/
12 silly mapToRegistry data Result {
12 silly mapToRegistry   raw: 'bcrypt',
12 silly mapToRegistry   scope: null,
12 silly mapToRegistry   escapedName: 'bcrypt',
12 silly mapToRegistry   name: 'bcrypt',
12 silly mapToRegistry   rawSpec: '',
12 silly mapToRegistry   spec: 'latest',
12 silly mapToRegistry   type: 'tag' }
13 silly mapToRegistry uri https://registry.npmjs.org/bcrypt
14 verbose request uri https://registry.npmjs.org/bcrypt
15 verbose request no auth needed
16 info attempt registry request try #1 at 4:55:12 PM
17 verbose request id bbff3542c5b704f3
18 verbose etag "6LUPUOZ9D2SMWBOR76BS0JC6F"
19 http request GET https://registry.npmjs.org/bcrypt
20 http 304 https://registry.npmjs.org/bcrypt
21 verbose headers { date: 'Sat, 12 Nov 2016 02:55:12 GMT',
21 verbose headers   via: '1.1 varnish',
21 verbose headers   'cache-control': 'max-age=300',
21 verbose headers   etag: '"6LUPUOZ9D2SMWBOR76BS0JC6F"',
21 verbose headers   age: '245',
21 verbose headers   connection: 'keep-alive',
21 verbose headers   'x-served-by': 'cache-lax8638-LAX',
21 verbose headers   'x-cache': 'HIT',
21 verbose headers   'x-cache-hits': '1',
21 verbose headers   'x-timer': 'S1478919312.541179,VS0,VE0',
21 verbose headers   vary: 'Accept-Encoding' }
22 silly get cb [ 304,
22 silly get   { date: 'Sat, 12 Nov 2016 02:55:12 GMT',
22 silly get     via: '1.1 varnish',
22 silly get     'cache-control': 'max-age=300',
22 silly get     etag: '"6LUPUOZ9D2SMWBOR76BS0JC6F"',
22 silly get     age: '245',
22 silly get     connection: 'keep-alive',
22 silly get     'x-served-by': 'cache-lax8638-LAX',
22 silly get     'x-cache': 'HIT',
22 silly get     'x-cache-hits': '1',
22 silly get     'x-timer': 'S1478919312.541179,VS0,VE0',
22 silly get     vary: 'Accept-Encoding' } ]
23 verbose etag https://registry.npmjs.org/bcrypt from cache
24 verbose get saving bcrypt to C:\Users\lam\AppData\Roaming\npm-cache\registry.npmjs.org\bcrypt\.cache.json
25 verbose correctMkdir C:\Users\lam\AppData\Roaming\npm-cache correctMkdir not in flight; initializing
26 silly install normalizeTree
27 silly loadCurrentTree Finishing
28 silly loadIdealTree Starting
29 silly install loadIdealTree
30 silly cloneCurrentTree Starting
31 silly install cloneCurrentTreeToIdealTree
32 silly cloneCurrentTree Finishing
33 silly loadShrinkwrap Starting
34 silly install loadShrinkwrap
35 silly loadShrinkwrap Finishing
36 silly loadAllDepsIntoIdealTree Starting
37 silly install loadAllDepsIntoIdealTree
38 silly resolveWithNewModule bcrypt@0.8.7 checking installable status
39 silly cache add args [ 'bcrypt', null ]
40 verbose cache add spec bcrypt
41 silly cache add parsed spec Result {
41 silly cache add   raw: 'bcrypt',
41 silly cache add   scope: null,
41 silly cache add   escapedName: 'bcrypt',
41 silly cache add   name: 'bcrypt',
41 silly cache add   rawSpec: '',
41 silly cache add   spec: 'latest',
41 silly cache add   type: 'tag' }
42 silly addNamed bcrypt@latest
43 verbose addNamed "latest" is being treated as a dist-tag for bcrypt
44 info addNameTag [ 'bcrypt', 'latest' ]
45 silly mapToRegistry name bcrypt
46 silly mapToRegistry using default registry
47 silly mapToRegistry registry https://registry.npmjs.org/
48 silly mapToRegistry data Result {
48 silly mapToRegistry   raw: 'bcrypt',
48 silly mapToRegistry   scope: null,
48 silly mapToRegistry   escapedName: 'bcrypt',
48 silly mapToRegistry   name: 'bcrypt',
48 silly mapToRegistry   rawSpec: '',
48 silly mapToRegistry   spec: 'latest',
48 silly mapToRegistry   type: 'tag' }
49 silly mapToRegistry uri https://registry.npmjs.org/bcrypt
50 verbose addNameTag registry:https://registry.npmjs.org/bcrypt not in flight; fetching
51 verbose get https://registry.npmjs.org/bcrypt not expired, no request
52 silly addNameTag next cb for bcrypt with tag latest
53 silly addNamed bcrypt@0.8.7
54 verbose addNamed "0.8.7" is a plain semver version for bcrypt
55 silly cache afterAdd bcrypt@0.8.7
56 verbose afterAdd C:\Users\lam\AppData\Roaming\npm-cache\bcrypt\0.8.7\package\package.json not in flight; writing
57 verbose correctMkdir C:\Users\lam\AppData\Roaming\npm-cache correctMkdir not in flight; initializing
58 verbose afterAdd C:\Users\lam\AppData\Roaming\npm-cache\bcrypt\0.8.7\package\package.json written
59 silly fetchNamedPackageData bindings
60 silly mapToRegistry name bindings
61 silly mapToRegistry using default registry
62 silly mapToRegistry registry https://registry.npmjs.org/
63 silly mapToRegistry data Result {
63 silly mapToRegistry   raw: 'bindings',
63 silly mapToRegistry   scope: null,
63 silly mapToRegistry   escapedName: 'bindings',
63 silly mapToRegistry   name: 'bindings',
63 silly mapToRegistry   rawSpec: '',
63 silly mapToRegistry   spec: 'latest',
63 silly mapToRegistry   type: 'tag' }
64 silly mapToRegistry uri https://registry.npmjs.org/bindings
65 silly fetchNamedPackageData nan
66 silly mapToRegistry name nan
67 silly mapToRegistry using default registry
68 silly mapToRegistry registry https://registry.npmjs.org/
69 silly mapToRegistry data Result {
69 silly mapToRegistry   raw: 'nan',
69 silly mapToRegistry   scope: null,
69 silly mapToRegistry   escapedName: 'nan',
69 silly mapToRegistry   name: 'nan',
69 silly mapToRegistry   rawSpec: '',
69 silly mapToRegistry   spec: 'latest',
69 silly mapToRegistry   type: 'tag' }
70 silly mapToRegistry uri https://registry.npmjs.org/nan
71 verbose request uri https://registry.npmjs.org/nan
72 verbose request no auth needed
73 info attempt registry request try #1 at 4:55:12 PM
74 verbose etag "64LN9YQI6X4XTPFBYZLET8KF2"
75 http request GET https://registry.npmjs.org/nan
76 verbose request uri https://registry.npmjs.org/bindings
77 verbose request no auth needed
78 info attempt registry request try #1 at 4:55:12 PM
79 verbose etag "8QW29MHCPCE6VJCVI3QVXRJAQ"
80 http request GET https://registry.npmjs.org/bindings
81 http 200 https://registry.npmjs.org/nan
82 verbose headers { server: 'CouchDB/1.6.1 (Erlang OTP/R16B03)',
82 verbose headers   etag: '"5FW2S3A604KZA621CP78E3JIZ"',
82 verbose headers   'content-type': 'application/json',
82 verbose headers   'content-encoding': 'gzip',
82 verbose headers   'cache-control': 'max-age=300',
82 verbose headers   'content-length': '17191',
82 verbose headers   'accept-ranges': 'bytes',
82 verbose headers   date: 'Sat, 12 Nov 2016 02:55:13 GMT',
82 verbose headers   via: '1.1 varnish',
82 verbose headers   age: '140',
82 verbose headers   connection: 'keep-alive',
82 verbose headers   'x-served-by': 'cache-lax8638-LAX',
82 verbose headers   'x-cache': 'HIT',
82 verbose headers   'x-cache-hits': '1',
82 verbose headers   'x-timer': 'S1478919313.039018,VS0,VE0',
82 verbose headers   vary: 'Accept-Encoding' }
83 silly get cb [ 200,
83 silly get   { server: 'CouchDB/1.6.1 (Erlang OTP/R16B03)',
83 silly get     etag: '"5FW2S3A604KZA621CP78E3JIZ"',
83 silly get     'content-type': 'application/json',
83 silly get     'content-encoding': 'gzip',
83 silly get     'cache-control': 'max-age=300',
83 silly get     'content-length': '17191',
83 silly get     'accept-ranges': 'bytes',
83 silly get     date: 'Sat, 12 Nov 2016 02:55:13 GMT',
83 silly get     via: '1.1 varnish',
83 silly get     age: '140',
83 silly get     connection: 'keep-alive',
83 silly get     'x-served-by': 'cache-lax8638-LAX',
83 silly get     'x-cache': 'HIT',
83 silly get     'x-cache-hits': '1',
83 silly get     'x-timer': 'S1478919313.039018,VS0,VE0',
83 silly get     vary: 'Accept-Encoding' } ]
84 verbose get saving nan to C:\Users\lam\AppData\Roaming\npm-cache\registry.npmjs.org\nan\.cache.json
85 verbose correctMkdir C:\Users\lam\AppData\Roaming\npm-cache correctMkdir not in flight; initializing
86 silly resolveWithNewModule nan@2.3.5 checking installable status
87 silly cache add args [ 'nan@2.3.5', null ]
88 verbose cache add spec nan@2.3.5
89 silly cache add parsed spec Result {
89 silly cache add   raw: 'nan@2.3.5',
89 silly cache add   scope: null,
89 silly cache add   escapedName: 'nan',
89 silly cache add   name: 'nan',
89 silly cache add   rawSpec: '2.3.5',
89 silly cache add   spec: '2.3.5',
89 silly cache add   type: 'version' }
90 silly addNamed nan@2.3.5
91 verbose addNamed "2.3.5" is a plain semver version for nan
92 silly mapToRegistry name nan
93 silly mapToRegistry using default registry
94 silly mapToRegistry registry https://registry.npmjs.org/
95 silly mapToRegistry data Result {
95 silly mapToRegistry   raw: 'nan',
95 silly mapToRegistry   scope: null,
95 silly mapToRegistry   escapedName: 'nan',
95 silly mapToRegistry   name: 'nan',
95 silly mapToRegistry   rawSpec: '',
95 silly mapToRegistry   spec: 'latest',
95 silly mapToRegistry   type: 'tag' }
96 silly mapToRegistry uri https://registry.npmjs.org/nan
97 verbose addNameVersion registry:https://registry.npmjs.org/nan not in flight; fetching
98 http 304 https://registry.npmjs.org/bindings
99 verbose headers { date: 'Sat, 12 Nov 2016 02:55:13 GMT',
99 verbose headers   via: '1.1 varnish',
99 verbose headers   'cache-control': 'max-age=300',
99 verbose headers   etag: '"8QW29MHCPCE6VJCVI3QVXRJAQ"',
99 verbose headers   age: '178',
99 verbose headers   connection: 'keep-alive',
99 verbose headers   'x-served-by': 'cache-lax8632-LAX',
99 verbose headers   'x-cache': 'HIT',
99 verbose headers   'x-cache-hits': '1',
99 verbose headers   'x-timer': 'S1478919313.178939,VS0,VE0',
99 verbose headers   vary: 'Accept-Encoding' }
100 silly get cb [ 304,
100 silly get   { date: 'Sat, 12 Nov 2016 02:55:13 GMT',
100 silly get     via: '1.1 varnish',
100 silly get     'cache-control': 'max-age=300',
100 silly get     etag: '"8QW29MHCPCE6VJCVI3QVXRJAQ"',
100 silly get     age: '178',
100 silly get     connection: 'keep-alive',
100 silly get     'x-served-by': 'cache-lax8632-LAX',
100 silly get     'x-cache': 'HIT',
100 silly get     'x-cache-hits': '1',
100 silly get     'x-timer': 'S1478919313.178939,VS0,VE0',
100 silly get     vary: 'Accept-Encoding' } ]
101 verbose etag https://registry.npmjs.org/bindings from cache
102 verbose get saving bindings to C:\Users\lam\AppData\Roaming\npm-cache\registry.npmjs.org\bindings\.cache.json
103 verbose correctMkdir C:\Users\lam\AppData\Roaming\npm-cache correctMkdir not in flight; initializing
104 silly resolveWithNewModule bindings@1.2.1 checking installable status
105 silly cache add args [ 'bindings@1.2.1', null ]
106 verbose cache add spec bindings@1.2.1
107 silly cache add parsed spec Result {
107 silly cache add   raw: 'bindings@1.2.1',
107 silly cache add   scope: null,
107 silly cache add   escapedName: 'bindings',
107 silly cache add   name: 'bindings',
107 silly cache add   rawSpec: '1.2.1',
107 silly cache add   spec: '1.2.1',
107 silly cache add   type: 'version' }
108 silly addNamed bindings@1.2.1
109 verbose addNamed "1.2.1" is a plain semver version for bindings
110 silly mapToRegistry name bindings
111 silly mapToRegistry using default registry
112 silly mapToRegistry registry https://registry.npmjs.org/
113 silly mapToRegistry data Result {
113 silly mapToRegistry   raw: 'bindings',
113 silly mapToRegistry   scope: null,
113 silly mapToRegistry   escapedName: 'bindings',
113 silly mapToRegistry   name: 'bindings',
113 silly mapToRegistry   rawSpec: '',
113 silly mapToRegistry   spec: 'latest',
113 silly mapToRegistry   type: 'tag' }
114 silly mapToRegistry uri https://registry.npmjs.org/bindings
115 verbose addNameVersion registry:https://registry.npmjs.org/bindings not in flight; fetching
116 verbose get https://registry.npmjs.org/nan not expired, no request
117 silly cache afterAdd nan@2.3.5
118 verbose afterAdd C:\Users\lam\AppData\Roaming\npm-cache\nan\2.3.5\package\package.json not in flight; writing
119 verbose correctMkdir C:\Users\lam\AppData\Roaming\npm-cache correctMkdir not in flight; initializing
120 verbose get https://registry.npmjs.org/bindings not expired, no request
121 silly cache afterAdd bindings@1.2.1
122 verbose afterAdd C:\Users\lam\AppData\Roaming\npm-cache\bindings\1.2.1\package\package.json not in flight; writing
123 verbose correctMkdir C:\Users\lam\AppData\Roaming\npm-cache correctMkdir not in flight; initializing
124 verbose afterAdd C:\Users\lam\AppData\Roaming\npm-cache\nan\2.3.5\package\package.json written
125 verbose afterAdd C:\Users\lam\AppData\Roaming\npm-cache\bindings\1.2.1\package\package.json written
126 silly loadAllDepsIntoIdealTree Finishing
127 silly loadIdealTree Finishing
128 silly currentTree cram@
128 silly currentTree +-- acorn-jsx@3.0.1
128 silly currentTree | `-- acorn@3.3.0
128 silly currentTree +-- acorn@4.0.3
128 silly currentTree +-- ajv-keywords@1.1.1
128 silly currentTree +-- ajv@4.8.2
128 silly currentTree +-- amdefine@1.0.0
128 silly currentTree +-- ansi-escapes@1.4.0
128 silly currentTree +-- ansi-regex@2.0.0
128 silly currentTree +-- ansi-styles@2.2.1
128 silly currentTree +-- argparse@1.0.9
128 silly currentTree +-- array-union@1.0.2
128 silly currentTree +-- array-uniq@1.0.3
128 silly currentTree +-- arrify@1.0.1
128 silly currentTree +-- assertion-error@1.0.2
128 silly currentTree +-- autoprefixer@6.5.1
128 silly currentTree +-- babel-code-frame@6.16.0
128 silly currentTree +-- babel-core@6.17.0
128 silly currentTree | +-- babel-register@6.16.3
128 silly currentTree | +-- babel-runtime@6.11.6
128 silly currentTree | +-- path-exists@1.0.0
128 silly currentTree | `-- source-map-support@0.4.5
128 silly currentTree +-- babel-generator@6.17.0
128 silly currentTree | `-- babel-runtime@6.11.6
128 silly currentTree +-- babel-helpers@6.16.0
128 silly currentTree +-- babel-messages@6.8.0
128 silly currentTree +-- babel-polyfill@6.9.0
128 silly currentTree | `-- babel-runtime@6.11.6
128 silly currentTree +-- babel-regenerator-runtime@6.5.0
128 silly currentTree +-- babel-register@6.8.0
128 silly currentTree | +-- lodash@3.10.1
128 silly currentTree | `-- path-exists@1.0.0
128 silly currentTree +-- babel-runtime@6.6.1
128 silly currentTree +-- babel-template@6.16.0
128 silly currentTree | `-- babel-runtime@6.11.6
128 silly currentTree +-- babel-traverse@6.16.0
128 silly currentTree | +-- babel-runtime@6.11.6
128 silly currentTree | `-- globals@8.18.0
128 silly currentTree +-- babel-types@6.16.0
128 silly currentTree | `-- babel-runtime@6.11.6
128 silly currentTree +-- babylon@6.13.0
128 silly currentTree +-- balanced-match@0.4.2
128 silly currentTree +-- bcryptjs@2.3.0
128 silly currentTree +-- brace-expansion@1.1.6
128 silly currentTree +-- browserslist@1.4.0
128 silly currentTree +-- caller-path@0.1.0
128 silly currentTree +-- callsites@0.2.0
128 silly currentTree +-- caniuse-db@1.0.30000566
128 silly currentTree +-- chai@3.5.0
128 silly currentTree +-- chalk@1.1.3
128 silly currentTree | `-- supports-color@2.0.0
128 silly currentTree +-- circular-json@0.3.1
128 silly currentTree +-- cli-cursor@1.0.2
128 silly currentTree +-- cli-width@2.1.0
128 silly currentTree +-- co@4.6.0
128 silly currentTree +-- code-point-at@1.1.0
128 silly currentTree +-- concat-map@0.0.1
128 silly currentTree +-- concat-stream@1.5.2
128 silly currentTree +-- convert-source-map@1.3.0
128 silly currentTree +-- core-js@2.4.1
128 silly currentTree +-- core-util-is@1.0.2
128 silly currentTree +-- d@0.1.1
128 silly currentTree +-- debug@2.2.0
128 silly currentTree +-- deep-eql@0.1.3
128 silly currentTree | `-- type-detect@0.1.1
128 silly currentTree +-- deep-is@0.1.3
128 silly currentTree +-- del@2.2.2
128 silly currentTree +-- detect-indent@3.0.1
128 silly currentTree | `-- minimist@1.2.0
128 silly currentTree +-- docdash@0.3.0
128 silly currentTree +-- doctrine@1.5.0
128 silly currentTree +-- es5-ext@0.10.12
128 silly currentTree +-- es6-enum@1.1.0
128 silly currentTree +-- es6-iterator@2.0.0
128 silly currentTree +-- es6-map@0.1.4
128 silly currentTree +-- es6-set@0.1.4
128 silly currentTree +-- es6-symbol@3.1.0
128 silly currentTree +-- es6-weak-map@2.0.1
128 silly currentTree +-- escape-string-regexp@1.0.5
128 silly currentTree +-- escope@3.6.0
128 silly currentTree +-- eslint-config-airbnb@7.0.0
128 silly currentTree +-- eslint-plugin-jsx-a11y@0.6.2
128 silly currentTree +-- eslint-plugin-meteor@3.6.0
128 silly currentTree +-- eslint-plugin-react@4.3.0
128 silly currentTree +-- eslint@2.13.1
128 silly currentTree +-- espree@3.3.2
128 silly currentTree +-- esprima@2.7.3
128 silly currentTree +-- esrecurse@4.1.0
128 silly currentTree | `-- estraverse@4.1.1
128 silly currentTree +-- estraverse@4.2.0
128 silly currentTree +-- esutils@2.0.2
128 silly currentTree +-- event-emitter@0.3.4
128 silly currentTree +-- exit-hook@1.1.1
128 silly currentTree +-- fast-levenshtein@2.0.5
128 silly currentTree +-- figures@1.7.0
128 silly currentTree +-- file-entry-cache@1.3.1
128 silly currentTree +-- flat-cache@1.2.1
128 silly currentTree +-- fs.realpath@1.0.0
128 silly currentTree +-- fullcalendar@3.0.1
128 silly currentTree +-- generate-function@2.0.0
128 silly currentTree +-- generate-object-property@1.2.0
128 silly currentTree +-- get-stdin@4.0.1
128 silly currentTree +-- glob@7.1.1
128 silly currentTree +-- globals@9.13.0
128 silly currentTree +-- globby@5.0.0
128 silly currentTree +-- graceful-fs@4.1.9
128 silly currentTree +-- has-ansi@2.0.0
128 silly currentTree +-- has-flag@1.0.0
128 silly currentTree +-- home-or-tmp@1.0.0
128 silly currentTree | `-- user-home@1.1.1
128 silly currentTree +-- ignore@3.2.0
128 silly currentTree +-- imurmurhash@0.1.4
128 silly currentTree +-- inflight@1.0.6
128 silly currentTree +-- inherits@2.0.3
128 silly currentTree +-- inquirer@0.12.0
128 silly currentTree +-- invariant@2.2.1
128 silly currentTree +-- is-finite@1.0.2
128 silly currentTree +-- is-fullwidth-code-point@1.0.0
128 silly currentTree +-- is-my-json-valid@2.15.0
128 silly currentTree +-- is-path-cwd@1.0.0
128 silly currentTree +-- is-path-in-cwd@1.0.0
128 silly currentTree +-- is-path-inside@1.0.0
128 silly currentTree +-- is-property@1.0.2
128 silly currentTree +-- is-resolvable@1.0.0
128 silly currentTree +-- isarray@1.0.0
128 silly currentTree +-- jquery@3.1.1
128 silly currentTree +-- js-base64@2.1.9
128 silly currentTree +-- js-tokens@2.0.0
128 silly currentTree +-- js-yaml@3.6.1
128 silly currentTree +-- jsesc@1.3.0
128 silly currentTree +-- json-stable-stringify@1.0.1
128 silly currentTree +-- json5@0.4.0
128 silly currentTree +-- jsonify@0.0.0
128 silly currentTree +-- jsonpointer@4.0.0
128 silly currentTree +-- levn@0.3.0
128 silly currentTree +-- lodash._baseeach@4.1.3
128 silly currentTree +-- lodash._basefind@3.0.0
128 silly currentTree +-- lodash._basefindindex@3.6.0
128 silly currentTree +-- lodash._baseiteratee@4.7.0
128 silly currentTree +-- lodash._basetostring@4.12.0
128 silly currentTree +-- lodash._root@3.0.1
128 silly currentTree +-- lodash._stringtopath@4.8.0
128 silly currentTree +-- lodash.find@4.4.0
128 silly currentTree +-- lodash.memoize@4.1.0
128 silly currentTree +-- lodash@4.16.4
128 silly currentTree +-- loose-envify@1.2.0
128 silly currentTree | `-- js-tokens@1.0.3
128 silly currentTree +-- meteor-node-stubs@0.2.3
128 silly currentTree | +-- assert@1.3.0
128 silly currentTree | +-- browserify-zlib@0.1.4
128 silly currentTree | | `-- pako@0.2.8
128 silly currentTree | +-- buffer@4.5.1
128 silly currentTree | | +-- base64-js@1.1.2
128 silly currentTree | | +-- ieee754@1.1.6
128 silly currentTree | | `-- isarray@1.0.0
128 silly currentTree | +-- console-browserify@1.1.0
128 silly currentTree | | `-- date-now@0.1.4
128 silly currentTree | +-- constants-browserify@1.0.0
128 silly currentTree | +-- crypto-browserify@3.11.0
128 silly currentTree | | +-- browserify-cipher@1.0.0
128 silly currentTree | | | +-- browserify-aes@1.0.6
128 silly currentTree | | | | +-- buffer-xor@1.0.3
128 silly currentTree | | | | `-- cipher-base@1.0.2
128 silly currentTree | | | +-- browserify-des@1.0.0
128 silly currentTree | | | | +-- cipher-base@1.0.2
128 silly currentTree | | | | `-- des.js@1.0.0
128 silly currentTree | | | |   `-- minimalistic-assert@1.0.0
128 silly currentTree | | | `-- evp_bytestokey@1.0.0
128 silly currentTree | | +-- browserify-sign@4.0.0
128 silly currentTree | | | +-- bn.js@4.11.1
128 silly currentTree | | | +-- browserify-rsa@4.0.1
128 silly currentTree | | | +-- elliptic@6.2.3
128 silly currentTree | | | | +-- brorand@1.0.5
128 silly currentTree | | | | `-- hash.js@1.0.3
128 silly currentTree | | | `-- parse-asn1@5.0.0
128 silly currentTree | | |   +-- asn1.js@4.5.2
128 silly currentTree | | |   | `-- minimalistic-assert@1.0.0
128 silly currentTree | | |   +-- browserify-aes@1.0.6
128 silly currentTree | | |   | +-- buffer-xor@1.0.3
128 silly currentTree | | |   | `-- cipher-base@1.0.2
128 silly currentTree | | |   `-- evp_bytestokey@1.0.0
128 silly currentTree | | +-- create-ecdh@4.0.0
128 silly currentTree | | | +-- bn.js@4.11.1
128 silly currentTree | | | `-- elliptic@6.2.3
128 silly currentTree | | |   +-- brorand@1.0.5
128 silly currentTree | | |   `-- hash.js@1.0.3
128 silly currentTree | | +-- create-hash@1.1.2
128 silly currentTree | | | +-- cipher-base@1.0.2
128 silly currentTree | | | +-- ripemd160@1.0.1
128 silly currentTree | | | `-- sha.js@2.4.5
128 silly currentTree | | +-- create-hmac@1.1.4
128 silly currentTree | | +-- diffie-hellman@5.0.2
128 silly currentTree | | | +-- bn.js@4.11.1
128 silly currentTree | | | `-- miller-rabin@4.0.0
128 silly currentTree | | |   `-- brorand@1.0.5
128 silly currentTree | | +-- inherits@2.0.1
128 silly currentTree | | +-- pbkdf2@3.0.4
128 silly currentTree | | +-- public-encrypt@4.0.0
128 silly currentTree | | | +-- bn.js@4.11.1
128 silly currentTree | | | +-- browserify-rsa@4.0.1
128 silly currentTree | | | `-- parse-asn1@5.0.0
128 silly currentTree | | |   +-- asn1.js@4.5.2
128 silly currentTree | | |   | `-- minimalistic-assert@1.0.0
128 silly currentTree | | |   +-- browserify-aes@1.0.6
128 silly currentTree | | |   | +-- buffer-xor@1.0.3
128 silly currentTree | | |   | `-- cipher-base@1.0.2
128 silly currentTree | | |   `-- evp_bytestokey@1.0.0
128 silly currentTree | | `-- randombytes@2.0.3
128 silly currentTree | +-- domain-browser@1.1.7
128 silly currentTree | +-- events@1.1.0
128 silly currentTree | +-- http-browserify@1.7.0
128 silly currentTree | | +-- Base64@0.2.1
128 silly currentTree | | `-- inherits@2.0.1
128 silly currentTree | +-- https-browserify@0.0.1
128 silly currentTree | +-- os-browserify@0.2.1
128 silly currentTree | +-- path-browserify@0.0.0
128 silly currentTree | +-- process@0.11.2
128 silly currentTree | +-- punycode@1.4.1
128 silly currentTree | +-- querystring-es3@0.2.1
128 silly currentTree | +-- readable-stream@2.0.6
128 silly currentTree | | +-- core-util-is@1.0.2
128 silly currentTree | | +-- inherits@2.0.1
128 silly currentTree | | +-- isarray@1.0.0
128 silly currentTree | | +-- process-nextick-args@1.0.6
128 silly currentTree | | `-- util-deprecate@1.0.2
128 silly currentTree | +-- stream-browserify@2.0.1
128 silly currentTree | | `-- inherits@2.0.1
128 silly currentTree | +-- string_decoder@0.10.31
128 silly currentTree | +-- timers-browserify@1.4.2
128 silly currentTree | +-- tty-browserify@0.0.0
128 silly currentTree | +-- url@0.11.0
128 silly currentTree | | +-- punycode@1.3.2
128 silly currentTree | | `-- querystring@0.2.0
128 silly currentTree | +-- util@0.10.3
128 silly currentTree | | `-- inherits@2.0.1
128 silly currentTree | `-- vm-browserify@0.0.4
128 silly currentTree |   `-- indexof@0.0.1
128 silly currentTree +-- minimatch@3.0.3
128 silly currentTree +-- minimist@0.0.8
128 silly currentTree +-- mkdirp@0.5.1
128 silly currentTree +-- moment@2.15.2
128 silly currentTree +-- ms@0.7.1
128 silly currentTree +-- mute-stream@0.0.5
128 silly currentTree +-- normalize-range@0.1.2
128 silly currentTree +-- num2fraction@1.2.2
128 silly currentTree +-- number-is-nan@1.0.1
128 silly currentTree +-- object-assign@4.1.0
128 silly currentTree +-- once@1.4.0
128 silly currentTree +-- onetime@1.1.0
128 silly currentTree +-- optionator@0.8.2
128 silly currentTree +-- os-homedir@1.0.2
128 silly currentTree +-- os-tmpdir@1.0.2
128 silly currentTree +-- path-exists@3.0.0
128 silly currentTree +-- path-is-absolute@1.0.1
128 silly currentTree +-- path-is-inside@1.0.2
128 silly currentTree +-- pify@2.3.0
128 silly currentTree +-- pinkie-promise@2.0.1
128 silly currentTree +-- pinkie@2.0.4
128 silly currentTree +-- pluralize@1.2.1
128 silly currentTree +-- postcss-value-parser@3.3.0
128 silly currentTree +-- postcss@5.2.5
128 silly currentTree +-- prelude-ls@1.1.2
128 silly currentTree +-- private@0.1.6
128 silly currentTree +-- process-nextick-args@1.0.7
128 silly currentTree +-- progress@1.1.8
128 silly currentTree +-- readable-stream@2.0.6
128 silly currentTree +-- readline2@1.0.1
128 silly currentTree +-- regenerator-runtime@0.9.5
128 silly currentTree +-- repeating@1.1.3
128 silly currentTree +-- require-uncached@1.0.3
128 silly currentTree +-- resolve-from@1.0.1
128 silly currentTree +-- restore-cursor@1.0.1
128 silly currentTree +-- rimraf@2.5.4
128 silly currentTree +-- run-async@0.1.0
128 silly currentTree +-- rx-lite@3.1.2
128 silly currentTree +-- shebang-regex@1.0.0
128 silly currentTree +-- shelljs@0.6.1
128 silly currentTree +-- slash@1.0.0
128 silly currentTree +-- slice-ansi@0.0.4
128 silly currentTree +-- source-map-support@0.2.10
128 silly currentTree | `-- source-map@0.1.32
128 silly currentTree +-- source-map@0.5.6
128 silly currentTree +-- sprintf-js@1.0.3
128 silly currentTree +-- string_decoder@0.10.31
128 silly currentTree +-- string-width@1.0.2
128 silly currentTree +-- strip-ansi@3.0.1
128 silly currentTree +-- strip-json-comments@1.0.4
128 silly currentTree +-- supports-color@3.1.2
128 silly currentTree +-- table@3.8.3
128 silly currentTree | +-- is-fullwidth-code-point@2.0.0
128 silly currentTree | `-- string-width@2.0.0
128 silly currentTree +-- text-table@0.2.0
128 silly currentTree +-- through@2.3.8
128 silly currentTree +-- to-fast-properties@1.0.2
128 silly currentTree +-- tryit@1.0.3
128 silly currentTree +-- type-check@0.3.2
128 silly currentTree +-- type-detect@1.0.0
128 silly currentTree +-- typedarray@0.0.6
128 silly currentTree +-- user-home@2.0.0
128 silly currentTree +-- util-deprecate@1.0.2
128 silly currentTree +-- wordwrap@1.0.0
128 silly currentTree +-- wrappy@1.0.2
128 silly currentTree +-- write@0.2.1
128 silly currentTree `-- xtend@4.0.1
129 silly idealTree cram@
129 silly idealTree +-- acorn-jsx@3.0.1
129 silly idealTree | `-- acorn@3.3.0
129 silly idealTree +-- acorn@4.0.3
129 silly idealTree +-- ajv-keywords@1.1.1
129 silly idealTree +-- ajv@4.8.2
129 silly idealTree +-- amdefine@1.0.0
129 silly idealTree +-- ansi-escapes@1.4.0
129 silly idealTree +-- ansi-regex@2.0.0
129 silly idealTree +-- ansi-styles@2.2.1
129 silly idealTree +-- argparse@1.0.9
129 silly idealTree +-- array-union@1.0.2
129 silly idealTree +-- array-uniq@1.0.3
129 silly idealTree +-- arrify@1.0.1
129 silly idealTree +-- assertion-error@1.0.2
129 silly idealTree +-- autoprefixer@6.5.1
129 silly idealTree +-- babel-code-frame@6.16.0
129 silly idealTree +-- babel-core@6.17.0
129 silly idealTree | +-- babel-register@6.16.3
129 silly idealTree | +-- babel-runtime@6.11.6
129 silly idealTree | +-- path-exists@1.0.0
129 silly idealTree | `-- source-map-support@0.4.5
129 silly idealTree +-- babel-generator@6.17.0
129 silly idealTree | `-- babel-runtime@6.11.6
129 silly idealTree +-- babel-helpers@6.16.0
129 silly idealTree +-- babel-messages@6.8.0
129 silly idealTree +-- babel-polyfill@6.9.0
129 silly idealTree | `-- babel-runtime@6.11.6
129 silly idealTree +-- babel-regenerator-runtime@6.5.0
129 silly idealTree +-- babel-register@6.8.0
129 silly idealTree | +-- lodash@3.10.1
129 silly idealTree | `-- path-exists@1.0.0
129 silly idealTree +-- babel-runtime@6.6.1
129 silly idealTree +-- babel-template@6.16.0
129 silly idealTree | `-- babel-runtime@6.11.6
129 silly idealTree +-- babel-traverse@6.16.0
129 silly idealTree | +-- babel-runtime@6.11.6
129 silly idealTree | `-- globals@8.18.0
129 silly idealTree +-- babel-types@6.16.0
129 silly idealTree | `-- babel-runtime@6.11.6
129 silly idealTree +-- babylon@6.13.0
129 silly idealTree +-- balanced-match@0.4.2
129 silly idealTree +-- bcrypt@0.8.7
129 silly idealTree +-- bcryptjs@2.3.0
129 silly idealTree +-- bindings@1.2.1
129 silly idealTree +-- brace-expansion@1.1.6
129 silly idealTree +-- browserslist@1.4.0
129 silly idealTree +-- caller-path@0.1.0
129 silly idealTree +-- callsites@0.2.0
129 silly idealTree +-- caniuse-db@1.0.30000566
129 silly idealTree +-- chai@3.5.0
129 silly idealTree +-- chalk@1.1.3
129 silly idealTree | `-- supports-color@2.0.0
129 silly idealTree +-- circular-json@0.3.1
129 silly idealTree +-- cli-cursor@1.0.2
129 silly idealTree +-- cli-width@2.1.0
129 silly idealTree +-- co@4.6.0
129 silly idealTree +-- code-point-at@1.1.0
129 silly idealTree +-- concat-map@0.0.1
129 silly idealTree +-- concat-stream@1.5.2
129 silly idealTree +-- convert-source-map@1.3.0
129 silly idealTree +-- core-js@2.4.1
129 silly idealTree +-- core-util-is@1.0.2
129 silly idealTree +-- d@0.1.1
129 silly idealTree +-- debug@2.2.0
129 silly idealTree +-- deep-eql@0.1.3
129 silly idealTree | `-- type-detect@0.1.1
129 silly idealTree +-- deep-is@0.1.3
129 silly idealTree +-- del@2.2.2
129 silly idealTree +-- detect-indent@3.0.1
129 silly idealTree | `-- minimist@1.2.0
129 silly idealTree +-- docdash@0.3.0
129 silly idealTree +-- doctrine@1.5.0
129 silly idealTree +-- es5-ext@0.10.12
129 silly idealTree +-- es6-enum@1.1.0
129 silly idealTree +-- es6-iterator@2.0.0
129 silly idealTree +-- es6-map@0.1.4
129 silly idealTree +-- es6-set@0.1.4
129 silly idealTree +-- es6-symbol@3.1.0
129 silly idealTree +-- es6-weak-map@2.0.1
129 silly idealTree +-- escape-string-regexp@1.0.5
129 silly idealTree +-- escope@3.6.0
129 silly idealTree +-- eslint-config-airbnb@7.0.0
129 silly idealTree +-- eslint-plugin-jsx-a11y@0.6.2
129 silly idealTree +-- eslint-plugin-meteor@3.6.0
129 silly idealTree +-- eslint-plugin-react@4.3.0
129 silly idealTree +-- eslint@2.13.1
129 silly idealTree +-- espree@3.3.2
129 silly idealTree +-- esprima@2.7.3
129 silly idealTree +-- esrecurse@4.1.0
129 silly idealTree | `-- estraverse@4.1.1
129 silly idealTree +-- estraverse@4.2.0
129 silly idealTree +-- esutils@2.0.2
129 silly idealTree +-- event-emitter@0.3.4
129 silly idealTree +-- exit-hook@1.1.1
129 silly idealTree +-- fast-levenshtein@2.0.5
129 silly idealTree +-- figures@1.7.0
129 silly idealTree +-- file-entry-cache@1.3.1
129 silly idealTree +-- flat-cache@1.2.1
129 silly idealTree +-- fs.realpath@1.0.0
129 silly idealTree +-- fullcalendar@3.0.1
129 silly idealTree +-- generate-function@2.0.0
129 silly idealTree +-- generate-object-property@1.2.0
129 silly idealTree +-- get-stdin@4.0.1
129 silly idealTree +-- glob@7.1.1
129 silly idealTree +-- globals@9.13.0
129 silly idealTree +-- globby@5.0.0
129 silly idealTree +-- graceful-fs@4.1.9
129 silly idealTree +-- has-ansi@2.0.0
129 silly idealTree +-- has-flag@1.0.0
129 silly idealTree +-- home-or-tmp@1.0.0
129 silly idealTree | `-- user-home@1.1.1
129 silly idealTree +-- ignore@3.2.0
129 silly idealTree +-- imurmurhash@0.1.4
129 silly idealTree +-- inflight@1.0.6
129 silly idealTree +-- inherits@2.0.3
129 silly idealTree +-- inquirer@0.12.0
129 silly idealTree +-- invariant@2.2.1
129 silly idealTree +-- is-finite@1.0.2
129 silly idealTree +-- is-fullwidth-code-point@1.0.0
129 silly idealTree +-- is-my-json-valid@2.15.0
129 silly idealTree +-- is-path-cwd@1.0.0
129 silly idealTree +-- is-path-in-cwd@1.0.0
129 silly idealTree +-- is-path-inside@1.0.0
129 silly idealTree +-- is-property@1.0.2
129 silly idealTree +-- is-resolvable@1.0.0
129 silly idealTree +-- isarray@1.0.0
129 silly idealTree +-- jquery@3.1.1
129 silly idealTree +-- js-base64@2.1.9
129 silly idealTree +-- js-tokens@2.0.0
129 silly idealTree +-- js-yaml@3.6.1
129 silly idealTree +-- jsesc@1.3.0
129 silly idealTree +-- json-stable-stringify@1.0.1
129 silly idealTree +-- json5@0.4.0
129 silly idealTree +-- jsonify@0.0.0
129 silly idealTree +-- jsonpointer@4.0.0
129 silly idealTree +-- levn@0.3.0
129 silly idealTree +-- lodash._baseeach@4.1.3
129 silly idealTree +-- lodash._basefind@3.0.0
129 silly idealTree +-- lodash._basefindindex@3.6.0
129 silly idealTree +-- lodash._baseiteratee@4.7.0
129 silly idealTree +-- lodash._basetostring@4.12.0
129 silly idealTree +-- lodash._root@3.0.1
129 silly idealTree +-- lodash._stringtopath@4.8.0
129 silly idealTree +-- lodash.find@4.4.0
129 silly idealTree +-- lodash.memoize@4.1.0
129 silly idealTree +-- lodash@4.16.4
129 silly idealTree +-- loose-envify@1.2.0
129 silly idealTree | `-- js-tokens@1.0.3
129 silly idealTree +-- meteor-node-stubs@0.2.3
129 silly idealTree | +-- assert@1.3.0
129 silly idealTree | +-- browserify-zlib@0.1.4
129 silly idealTree | | `-- pako@0.2.8
129 silly idealTree | +-- buffer@4.5.1
129 silly idealTree | | +-- base64-js@1.1.2
129 silly idealTree | | +-- ieee754@1.1.6
129 silly idealTree | | `-- isarray@1.0.0
129 silly idealTree | +-- console-browserify@1.1.0
129 silly idealTree | | `-- date-now@0.1.4
129 silly idealTree | +-- constants-browserify@1.0.0
129 silly idealTree | +-- crypto-browserify@3.11.0
129 silly idealTree | | +-- browserify-cipher@1.0.0
129 silly idealTree | | | +-- browserify-aes@1.0.6
129 silly idealTree | | | | +-- buffer-xor@1.0.3
129 silly idealTree | | | | `-- cipher-base@1.0.2
129 silly idealTree | | | +-- browserify-des@1.0.0
129 silly idealTree | | | | +-- cipher-base@1.0.2
129 silly idealTree | | | | `-- des.js@1.0.0
129 silly idealTree | | | |   `-- minimalistic-assert@1.0.0
129 silly idealTree | | | `-- evp_bytestokey@1.0.0
129 silly idealTree | | +-- browserify-sign@4.0.0
129 silly idealTree | | | +-- bn.js@4.11.1
129 silly idealTree | | | +-- browserify-rsa@4.0.1
129 silly idealTree | | | +-- elliptic@6.2.3
129 silly idealTree | | | | +-- brorand@1.0.5
129 silly idealTree | | | | `-- hash.js@1.0.3
129 silly idealTree | | | `-- parse-asn1@5.0.0
129 silly idealTree | | |   +-- asn1.js@4.5.2
129 silly idealTree | | |   | `-- minimalistic-assert@1.0.0
129 silly idealTree | | |   +-- browserify-aes@1.0.6
129 silly idealTree | | |   | +-- buffer-xor@1.0.3
129 silly idealTree | | |   | `-- cipher-base@1.0.2
129 silly idealTree | | |   `-- evp_bytestokey@1.0.0
129 silly idealTree | | +-- create-ecdh@4.0.0
129 silly idealTree | | | +-- bn.js@4.11.1
129 silly idealTree | | | `-- elliptic@6.2.3
129 silly idealTree | | |   +-- brorand@1.0.5
129 silly idealTree | | |   `-- hash.js@1.0.3
129 silly idealTree | | +-- create-hash@1.1.2
129 silly idealTree | | | +-- cipher-base@1.0.2
129 silly idealTree | | | +-- ripemd160@1.0.1
129 silly idealTree | | | `-- sha.js@2.4.5
129 silly idealTree | | +-- create-hmac@1.1.4
129 silly idealTree | | +-- diffie-hellman@5.0.2
129 silly idealTree | | | +-- bn.js@4.11.1
129 silly idealTree | | | `-- miller-rabin@4.0.0
129 silly idealTree | | |   `-- brorand@1.0.5
129 silly idealTree | | +-- inherits@2.0.1
129 silly idealTree | | +-- pbkdf2@3.0.4
129 silly idealTree | | +-- public-encrypt@4.0.0
129 silly idealTree | | | +-- bn.js@4.11.1
129 silly idealTree | | | +-- browserify-rsa@4.0.1
129 silly idealTree | | | `-- parse-asn1@5.0.0
129 silly idealTree | | |   +-- asn1.js@4.5.2
129 silly idealTree | | |   | `-- minimalistic-assert@1.0.0
129 silly idealTree | | |   +-- browserify-aes@1.0.6
129 silly idealTree | | |   | +-- buffer-xor@1.0.3
129 silly idealTree | | |   | `-- cipher-base@1.0.2
129 silly idealTree | | |   `-- evp_bytestokey@1.0.0
129 silly idealTree | | `-- randombytes@2.0.3
129 silly idealTree | +-- domain-browser@1.1.7
129 silly idealTree | +-- events@1.1.0
129 silly idealTree | +-- http-browserify@1.7.0
129 silly idealTree | | +-- Base64@0.2.1
129 silly idealTree | | `-- inherits@2.0.1
129 silly idealTree | +-- https-browserify@0.0.1
129 silly idealTree | +-- os-browserify@0.2.1
129 silly idealTree | +-- path-browserify@0.0.0
129 silly idealTree | +-- process@0.11.2
129 silly idealTree | +-- punycode@1.4.1
129 silly idealTree | +-- querystring-es3@0.2.1
129 silly idealTree | +-- readable-stream@2.0.6
129 silly idealTree | | +-- core-util-is@1.0.2
129 silly idealTree | | +-- inherits@2.0.1
129 silly idealTree | | +-- isarray@1.0.0
129 silly idealTree | | +-- process-nextick-args@1.0.6
129 silly idealTree | | `-- util-deprecate@1.0.2
129 silly idealTree | +-- stream-browserify@2.0.1
129 silly idealTree | | `-- inherits@2.0.1
129 silly idealTree | +-- string_decoder@0.10.31
129 silly idealTree | +-- timers-browserify@1.4.2
129 silly idealTree | +-- tty-browserify@0.0.0
129 silly idealTree | +-- url@0.11.0
129 silly idealTree | | +-- punycode@1.3.2
129 silly idealTree | | `-- querystring@0.2.0
129 silly idealTree | +-- util@0.10.3
129 silly idealTree | | `-- inherits@2.0.1
129 silly idealTree | `-- vm-browserify@0.0.4
129 silly idealTree |   `-- indexof@0.0.1
129 silly idealTree +-- minimatch@3.0.3
129 silly idealTree +-- minimist@0.0.8
129 silly idealTree +-- mkdirp@0.5.1
129 silly idealTree +-- moment@2.15.2
129 silly idealTree +-- ms@0.7.1
129 silly idealTree +-- mute-stream@0.0.5
129 silly idealTree +-- nan@2.3.5
129 silly idealTree +-- normalize-range@0.1.2
129 silly idealTree +-- num2fraction@1.2.2
129 silly idealTree +-- number-is-nan@1.0.1
129 silly idealTree +-- object-assign@4.1.0
129 silly idealTree +-- once@1.4.0
129 silly idealTree +-- onetime@1.1.0
129 silly idealTree +-- optionator@0.8.2
129 silly idealTree +-- os-homedir@1.0.2
129 silly idealTree +-- os-tmpdir@1.0.2
129 silly idealTree +-- path-exists@3.0.0
129 silly idealTree +-- path-is-absolute@1.0.1
129 silly idealTree +-- path-is-inside@1.0.2
129 silly idealTree +-- pify@2.3.0
129 silly idealTree +-- pinkie-promise@2.0.1
129 silly idealTree +-- pinkie@2.0.4
129 silly idealTree +-- pluralize@1.2.1
129 silly idealTree +-- postcss-value-parser@3.3.0
129 silly idealTree +-- postcss@5.2.5
129 silly idealTree +-- prelude-ls@1.1.2
129 silly idealTree +-- private@0.1.6
129 silly idealTree +-- process-nextick-args@1.0.7
129 silly idealTree +-- progress@1.1.8
129 silly idealTree +-- readable-stream@2.0.6
129 silly idealTree +-- readline2@1.0.1
129 silly idealTree +-- regenerator-runtime@0.9.5
129 silly idealTree +-- repeating@1.1.3
129 silly idealTree +-- require-uncached@1.0.3
129 silly idealTree +-- resolve-from@1.0.1
129 silly idealTree +-- restore-cursor@1.0.1
129 silly idealTree +-- rimraf@2.5.4
129 silly idealTree +-- run-async@0.1.0
129 silly idealTree +-- rx-lite@3.1.2
129 silly idealTree +-- shebang-regex@1.0.0
129 silly idealTree +-- shelljs@0.6.1
129 silly idealTree +-- slash@1.0.0
129 silly idealTree +-- slice-ansi@0.0.4
129 silly idealTree +-- source-map-support@0.2.10
129 silly idealTree | `-- source-map@0.1.32
129 silly idealTree +-- source-map@0.5.6
129 silly idealTree +-- sprintf-js@1.0.3
129 silly idealTree +-- string_decoder@0.10.31
129 silly idealTree +-- string-width@1.0.2
129 silly idealTree +-- strip-ansi@3.0.1
129 silly idealTree +-- strip-json-comments@1.0.4
129 silly idealTree +-- supports-color@3.1.2
129 silly idealTree +-- table@3.8.3
129 silly idealTree | +-- is-fullwidth-code-point@2.0.0
129 silly idealTree | `-- string-width@2.0.0
129 silly idealTree +-- text-table@0.2.0
129 silly idealTree +-- through@2.3.8
129 silly idealTree +-- to-fast-properties@1.0.2
129 silly idealTree +-- tryit@1.0.3
129 silly idealTree +-- type-check@0.3.2
129 silly idealTree +-- type-detect@1.0.0
129 silly idealTree +-- typedarray@0.0.6
129 silly idealTree +-- user-home@2.0.0
129 silly idealTree +-- util-deprecate@1.0.2
129 silly idealTree +-- wordwrap@1.0.0
129 silly idealTree +-- wrappy@1.0.2
129 silly idealTree +-- write@0.2.1
129 silly idealTree `-- xtend@4.0.1
130 silly generateActionsToTake Starting
131 silly install generateActionsToTake
132 silly generateActionsToTake Finishing
133 silly diffTrees action count 3
134 silly diffTrees add bindings@1.2.1
135 silly diffTrees add nan@2.3.5
136 silly diffTrees add bcrypt@0.8.7
137 silly decomposeActions action count 24
138 silly decomposeActions fetch bindings@1.2.1
139 silly decomposeActions extract bindings@1.2.1
140 silly decomposeActions test bindings@1.2.1
141 silly decomposeActions preinstall bindings@1.2.1
142 silly decomposeActions build bindings@1.2.1
143 silly decomposeActions install bindings@1.2.1
144 silly decomposeActions postinstall bindings@1.2.1
145 silly decomposeActions finalize bindings@1.2.1
146 silly decomposeActions fetch nan@2.3.5
147 silly decomposeActions extract nan@2.3.5
148 silly decomposeActions test nan@2.3.5
149 silly decomposeActions preinstall nan@2.3.5
150 silly decomposeActions build nan@2.3.5
151 silly decomposeActions install nan@2.3.5
152 silly decomposeActions postinstall nan@2.3.5
153 silly decomposeActions finalize nan@2.3.5
154 silly decomposeActions fetch bcrypt@0.8.7
155 silly decomposeActions extract bcrypt@0.8.7
156 silly decomposeActions test bcrypt@0.8.7
157 silly decomposeActions preinstall bcrypt@0.8.7
158 silly decomposeActions build bcrypt@0.8.7
159 silly decomposeActions install bcrypt@0.8.7
160 silly decomposeActions postinstall bcrypt@0.8.7
161 silly decomposeActions finalize bcrypt@0.8.7
162 silly runTopLevelLifecycles Starting
163 silly executeActions Starting
164 silly install executeActions
165 silly doSerial global-install 0
166 silly doParallel fetch 3
167 verbose correctMkdir C:\Users\lam\AppData\Roaming\npm-cache\_locks correctMkdir not in flight; initializing
168 verbose lock using C:\Users\lam\AppData\Roaming\npm-cache\_locks\staging-35a53962debe96f4.lock for C:\Users\lam\Documents\GitHub\cram\app\node_modules\.staging
169 silly doParallel extract 3
170 silly extract bindings@1.2.1
171 silly extract nan@2.3.5
172 silly extract bcrypt@0.8.7
173 verbose unbuild node_modules\.staging\bindings-9d1dd76f
174 verbose unbuild node_modules\.staging\bcrypt-b4376ae1
175 silly gentlyRm C:\Users\lam\Documents\GitHub\cram\app\node_modules\.staging\bindings-9d1dd76f is being purged from base C:\Users\lam\Documents\GitHub\cram\app
176 verbose gentlyRm don't care about contents; nuking C:\Users\lam\Documents\GitHub\cram\app\node_modules\.staging\bindings-9d1dd76f
177 verbose tar unpack C:\Users\lam\AppData\Roaming\npm-cache\bindings\1.2.1\package.tgz
178 verbose tar unpacking to C:\Users\lam\Documents\GitHub\cram\app\node_modules\.staging\bindings-9d1dd76f
179 silly gentlyRm C:\Users\lam\Documents\GitHub\cram\app\node_modules\.staging\bindings-9d1dd76f is being purged
180 verbose gentlyRm don't care about contents; nuking C:\Users\lam\Documents\GitHub\cram\app\node_modules\.staging\bindings-9d1dd76f
181 silly gentlyRm C:\Users\lam\Documents\GitHub\cram\app\node_modules\.staging\bcrypt-b4376ae1 is being purged from base C:\Users\lam\Documents\GitHub\cram\app
182 verbose gentlyRm don't care about contents; nuking C:\Users\lam\Documents\GitHub\cram\app\node_modules\.staging\bcrypt-b4376ae1
183 silly gunzTarPerm modes [ '777', '666' ]
184 verbose tar unpack C:\Users\lam\AppData\Roaming\npm-cache\bcrypt\0.8.7\package.tgz
185 verbose tar unpacking to C:\Users\lam\Documents\GitHub\cram\app\node_modules\.staging\bcrypt-b4376ae1
186 silly gentlyRm C:\Users\lam\Documents\GitHub\cram\app\node_modules\.staging\bcrypt-b4376ae1 is being purged
187 verbose gentlyRm don't care about contents; nuking C:\Users\lam\Documents\GitHub\cram\app\node_modules\.staging\bcrypt-b4376ae1
188 silly gunzTarPerm modes [ '777', '666' ]
189 verbose unbuild node_modules\.staging\nan-bbad133f
190 silly gunzTarPerm extractEntry package.json
191 silly gunzTarPerm modified mode [ 'package.json', 420, 438 ]
192 silly gunzTarPerm extractEntry package.json
193 silly gunzTarPerm modified mode [ 'package.json', 420, 438 ]
194 silly gentlyRm C:\Users\lam\Documents\GitHub\cram\app\node_modules\.staging\nan-bbad133f is being purged from base C:\Users\lam\Documents\GitHub\cram\app
195 verbose gentlyRm don't care about contents; nuking C:\Users\lam\Documents\GitHub\cram\app\node_modules\.staging\nan-bbad133f
196 verbose tar unpack C:\Users\lam\AppData\Roaming\npm-cache\nan\2.3.5\package.tgz
197 verbose tar unpacking to C:\Users\lam\Documents\GitHub\cram\app\node_modules\.staging\nan-bbad133f
198 silly gentlyRm C:\Users\lam\Documents\GitHub\cram\app\node_modules\.staging\nan-bbad133f is being purged
199 verbose gentlyRm don't care about contents; nuking C:\Users\lam\Documents\GitHub\cram\app\node_modules\.staging\nan-bbad133f
200 silly gunzTarPerm extractEntry README.md
201 silly gunzTarPerm modified mode [ 'README.md', 420, 438 ]
202 silly gunzTarPerm extractEntry bindings.js
203 silly gunzTarPerm modified mode [ 'bindings.js', 420, 438 ]
204 silly gunzTarPerm modes [ '777', '666' ]
205 silly gunzTarPerm extractEntry .npmignore
206 silly gunzTarPerm modified mode [ '.npmignore', 420, 438 ]
207 silly gunzTarPerm extractEntry README.md
208 silly gunzTarPerm modified mode [ 'README.md', 420, 438 ]
209 silly gunzTarPerm extractEntry package.json
210 silly gunzTarPerm modified mode [ 'package.json', 436, 438 ]
211 silly gunzTarPerm extractEntry README.md
212 silly gunzTarPerm modified mode [ 'README.md', 436, 438 ]
213 silly gunzTarPerm extractEntry include_dirs.js
214 silly gunzTarPerm modified mode [ 'include_dirs.js', 436, 438 ]
215 silly gunzTarPerm extractEntry LICENSE
216 silly gunzTarPerm modified mode [ 'LICENSE', 420, 438 ]
217 silly gunzTarPerm extractEntry bcrypt.js
218 silly gunzTarPerm modified mode [ 'bcrypt.js', 420, 438 ]
219 silly gunzTarPerm extractEntry Makefile
220 silly gunzTarPerm modified mode [ 'Makefile', 420, 438 ]
221 silly gunzTarPerm extractEntry .travis.yml
222 silly gunzTarPerm modified mode [ '.travis.yml', 420, 438 ]
223 silly gunzTarPerm extractEntry CHANGELOG.md
224 silly gunzTarPerm modified mode [ 'CHANGELOG.md', 420, 438 ]
225 silly gunzTarPerm extractEntry binding.gyp
226 silly gunzTarPerm modified mode [ 'binding.gyp', 420, 438 ]
227 silly gunzTarPerm extractEntry examples/async_compare.js
228 silly gunzTarPerm modified mode [ 'examples/async_compare.js', 420, 438 ]
229 silly gunzTarPerm extractEntry examples/forever_gen_salt.js
230 silly gunzTarPerm modified mode [ 'examples/forever_gen_salt.js', 420, 438 ]
231 silly gunzTarPerm extractEntry test/async.js
232 silly gunzTarPerm modified mode [ 'test/async.js', 420, 438 ]
233 silly gunzTarPerm extractEntry test/repetitions.js
234 silly gunzTarPerm modified mode [ 'test/repetitions.js', 420, 438 ]
235 silly gunzTarPerm extractEntry test/sync.js
236 silly gunzTarPerm modified mode [ 'test/sync.js', 420, 438 ]
237 silly gunzTarPerm extractEntry ISSUE_TEMPLATE.md
238 silly gunzTarPerm modified mode [ 'ISSUE_TEMPLATE.md', 420, 438 ]
239 silly gunzTarPerm extractEntry src/bcrypt.cc
240 silly gunzTarPerm modified mode [ 'src/bcrypt.cc', 420, 438 ]
241 silly gunzTarPerm extractEntry src/bcrypt_node.cc
242 silly gunzTarPerm modified mode [ 'src/bcrypt_node.cc', 420, 438 ]
243 silly gunzTarPerm extractEntry src/blowfish.cc
244 silly gunzTarPerm modified mode [ 'src/blowfish.cc', 420, 438 ]
245 silly gunzTarPerm extractEntry src/node_blf.h
246 silly gunzTarPerm modified mode [ 'src/node_blf.h', 420, 438 ]
247 silly gunzTarPerm extractEntry werker.yml
248 silly gunzTarPerm modified mode [ 'werker.yml', 420, 438 ]
249 silly gunzTarPerm extractEntry nan_converters.h
250 silly gunzTarPerm modified mode [ 'nan_converters.h', 436, 438 ]
251 silly gunzTarPerm extractEntry LICENSE.md
252 silly gunzTarPerm modified mode [ 'LICENSE.md', 436, 438 ]
253 silly gunzTarPerm extractEntry doc/node_misc.md
254 silly gunzTarPerm modified mode [ 'doc/node_misc.md', 436, 438 ]
255 silly gunzTarPerm extractEntry doc/asyncworker.md
256 silly gunzTarPerm modified mode [ 'doc/asyncworker.md', 436, 438 ]
257 silly gunzTarPerm extractEntry doc/callback.md
258 silly gunzTarPerm modified mode [ 'doc/callback.md', 436, 438 ]
259 silly gunzTarPerm extractEntry doc/converters.md
260 silly gunzTarPerm modified mode [ 'doc/converters.md', 436, 438 ]
261 silly gentlyRm C:\Users\lam\Documents\GitHub\cram\app\node_modules\.staging\bindings-9d1dd76f\node_modules is being purged
262 verbose gentlyRm don't care about contents; nuking C:\Users\lam\Documents\GitHub\cram\app\node_modules\.staging\bindings-9d1dd76f\node_modules
263 silly gunzTarPerm extractEntry doc/errors.md
264 silly gunzTarPerm modified mode [ 'doc/errors.md', 436, 438 ]
265 silly gunzTarPerm extractEntry doc/maybe_types.md
266 silly gunzTarPerm modified mode [ 'doc/maybe_types.md', 436, 438 ]
267 silly gunzTarPerm extractEntry doc/methods.md
268 silly gunzTarPerm modified mode [ 'doc/methods.md', 436, 438 ]
269 silly gunzTarPerm extractEntry doc/new.md
270 silly gunzTarPerm modified mode [ 'doc/new.md', 436, 438 ]
271 silly gunzTarPerm extractEntry doc/buffers.md
272 silly gunzTarPerm modified mode [ 'doc/buffers.md', 436, 438 ]
273 silly gunzTarPerm extractEntry doc/object_wrappers.md
274 silly gunzTarPerm modified mode [ 'doc/object_wrappers.md', 436, 438 ]
275 silly gunzTarPerm extractEntry doc/persistent.md
276 silly gunzTarPerm modified mode [ 'doc/persistent.md', 436, 438 ]
277 silly gunzTarPerm extractEntry doc/scopes.md
278 silly gunzTarPerm modified mode [ 'doc/scopes.md', 436, 438 ]
279 silly gunzTarPerm extractEntry doc/script.md
280 silly gunzTarPerm modified mode [ 'doc/script.md', 436, 438 ]
281 silly gunzTarPerm extractEntry doc/string_bytes.md
282 silly gunzTarPerm modified mode [ 'doc/string_bytes.md', 436, 438 ]
283 silly gunzTarPerm extractEntry doc/v8_internals.md
284 silly gunzTarPerm modified mode [ 'doc/v8_internals.md', 436, 438 ]
285 silly gunzTarPerm extractEntry doc/v8_misc.md
286 silly gunzTarPerm modified mode [ 'doc/v8_misc.md', 436, 438 ]
287 silly gunzTarPerm extractEntry nan.h
288 silly gunzTarPerm modified mode [ 'nan.h', 436, 438 ]
289 silly gunzTarPerm extractEntry nan_callbacks.h
290 silly gunzTarPerm modified mode [ 'nan_callbacks.h', 436, 438 ]
291 silly gunzTarPerm extractEntry nan_callbacks_12_inl.h
292 silly gunzTarPerm modified mode [ 'nan_callbacks_12_inl.h', 436, 438 ]
293 silly gunzTarPerm extractEntry nan_callbacks_pre_12_inl.h
294 silly gunzTarPerm modified mode [ 'nan_callbacks_pre_12_inl.h', 436, 438 ]
295 silly gunzTarPerm extractEntry nan_converters_43_inl.h
296 silly gunzTarPerm modified mode [ 'nan_converters_43_inl.h', 436, 438 ]
297 silly gunzTarPerm extractEntry nan_converters_pre_43_inl.h
298 silly gunzTarPerm modified mode [ 'nan_converters_pre_43_inl.h', 436, 438 ]
299 silly gunzTarPerm extractEntry nan_implementation_12_inl.h
300 silly gunzTarPerm modified mode [ 'nan_implementation_12_inl.h', 436, 438 ]
301 silly gunzTarPerm extractEntry nan_implementation_pre_12_inl.h
302 silly gunzTarPerm modified mode [ 'nan_implementation_pre_12_inl.h', 436, 438 ]
303 silly gunzTarPerm extractEntry nan_maybe_43_inl.h
304 silly gunzTarPerm modified mode [ 'nan_maybe_43_inl.h', 436, 438 ]
305 silly gunzTarPerm extractEntry nan_maybe_pre_43_inl.h
306 silly gunzTarPerm modified mode [ 'nan_maybe_pre_43_inl.h', 436, 438 ]
307 silly gunzTarPerm extractEntry nan_new.h
308 silly gunzTarPerm modified mode [ 'nan_new.h', 436, 438 ]
309 silly gunzTarPerm extractEntry nan_object_wrap.h
310 silly gunzTarPerm modified mode [ 'nan_object_wrap.h', 436, 438 ]
311 silly gunzTarPerm extractEntry nan_persistent_12_inl.h
312 silly gunzTarPerm modified mode [ 'nan_persistent_12_inl.h', 436, 438 ]
313 silly gunzTarPerm extractEntry nan_persistent_pre_12_inl.h
314 silly gunzTarPerm modified mode [ 'nan_persistent_pre_12_inl.h', 436, 438 ]
315 silly gunzTarPerm extractEntry nan_string_bytes.h
316 silly gunzTarPerm modified mode [ 'nan_string_bytes.h', 436, 438 ]
317 silly gunzTarPerm extractEntry nan_typedarray_contents.h
318 silly gunzTarPerm modified mode [ 'nan_typedarray_contents.h', 436, 438 ]
319 silly gunzTarPerm extractEntry nan_weak.h
320 silly gunzTarPerm modified mode [ 'nan_weak.h', 436, 438 ]
321 silly gunzTarPerm extractEntry CHANGELOG.md
322 silly gunzTarPerm modified mode [ 'CHANGELOG.md', 436, 438 ]
323 silly gunzTarPerm extractEntry tools/package.json
324 silly gunzTarPerm modified mode [ 'tools/package.json', 436, 438 ]
325 silly gunzTarPerm extractEntry tools/README.md
326 silly gunzTarPerm modified mode [ 'tools/README.md', 436, 438 ]
327 silly gunzTarPerm extractEntry tools/1to2.js
328 silly gunzTarPerm modified mode [ 'tools/1to2.js', 509, 511 ]
329 silly gentlyRm C:\Users\lam\Documents\GitHub\cram\app\node_modules\.staging\bcrypt-b4376ae1\node_modules is being purged
330 verbose gentlyRm don't care about contents; nuking C:\Users\lam\Documents\GitHub\cram\app\node_modules\.staging\bcrypt-b4376ae1\node_modules
331 silly gentlyRm C:\Users\lam\Documents\GitHub\cram\app\node_modules\.staging\nan-bbad133f\node_modules is being purged
332 verbose gentlyRm don't care about contents; nuking C:\Users\lam\Documents\GitHub\cram\app\node_modules\.staging\nan-bbad133f\node_modules
333 silly doParallel preinstall 3
334 silly preinstall bindings@1.2.1 C:\Users\lam\Documents\GitHub\cram\app\node_modules\.staging\bindings-9d1dd76f
335 info lifecycle bindings@1.2.1~preinstall: bindings@1.2.1
336 silly preinstall nan@2.3.5 C:\Users\lam\Documents\GitHub\cram\app\node_modules\.staging\nan-bbad133f
337 info lifecycle nan@2.3.5~preinstall: nan@2.3.5
338 silly preinstall bcrypt@0.8.7 C:\Users\lam\Documents\GitHub\cram\app\node_modules\.staging\bcrypt-b4376ae1
339 info lifecycle bcrypt@0.8.7~preinstall: bcrypt@0.8.7
340 silly lifecycle bindings@1.2.1~preinstall: no script for preinstall, continuing
341 silly lifecycle nan@2.3.5~preinstall: no script for preinstall, continuing
342 silly lifecycle bcrypt@0.8.7~preinstall: no script for preinstall, continuing
343 silly doReverseSerial remove 0
344 silly doSerial move 0
345 silly doSerial finalize 3
346 silly finalize C:\Users\lam\Documents\GitHub\cram\app\node_modules\bindings
347 silly finalize C:\Users\lam\Documents\GitHub\cram\app\node_modules\nan
348 silly finalize C:\Users\lam\Documents\GitHub\cram\app\node_modules\bcrypt
349 silly doSerial build 3
350 silly build bindings@1.2.1
351 info linkStuff bindings@1.2.1
352 silly linkStuff bindings@1.2.1 has C:\Users\lam\Documents\GitHub\cram\app\node_modules as its parent node_modules
353 verbose linkBins bindings@1.2.1
354 verbose linkMans bindings@1.2.1
355 silly build nan@2.3.5
356 info linkStuff nan@2.3.5
357 silly linkStuff nan@2.3.5 has C:\Users\lam\Documents\GitHub\cram\app\node_modules as its parent node_modules
358 verbose linkBins nan@2.3.5
359 verbose linkMans nan@2.3.5
360 silly build bcrypt@0.8.7
361 info linkStuff bcrypt@0.8.7
362 silly linkStuff bcrypt@0.8.7 has C:\Users\lam\Documents\GitHub\cram\app\node_modules as its parent node_modules
363 verbose linkBins bcrypt@0.8.7
364 verbose linkMans bcrypt@0.8.7
365 silly doSerial global-link 0
366 silly doParallel update-linked 0
367 silly doSerial install 3
368 silly install bindings@1.2.1 C:\Users\lam\Documents\GitHub\cram\app\node_modules\.staging\bindings-9d1dd76f
369 info lifecycle bindings@1.2.1~install: bindings@1.2.1
370 silly lifecycle bindings@1.2.1~install: no script for install, continuing
371 silly install nan@2.3.5 C:\Users\lam\Documents\GitHub\cram\app\node_modules\.staging\nan-bbad133f
372 info lifecycle nan@2.3.5~install: nan@2.3.5
373 silly lifecycle nan@2.3.5~install: no script for install, continuing
374 silly install bcrypt@0.8.7 C:\Users\lam\Documents\GitHub\cram\app\node_modules\.staging\bcrypt-b4376ae1
375 info lifecycle bcrypt@0.8.7~install: bcrypt@0.8.7
376 verbose lifecycle bcrypt@0.8.7~install: unsafe-perm in lifecycle true
377 verbose lifecycle bcrypt@0.8.7~install: PATH: C:\Users\lam\AppData\Local\.meteor\packages\meteor-tool\1.4.1_2\mt-os.windows.x86_32\dev_bundle\lib\node_modules\npm\bin\node-gyp-bin;C:\Users\lam\Documents\GitHub\cram\app\node_modules\bcrypt\node_modules\.bin;C:\Users\lam\Documents\GitHub\cram\app\node_modules\.bin;C:\Users\lam\AppData\Local\.meteor\packages\meteor-tool\1.4.1_2\mt-os.windows.x86_32\dev_bundle\bin;C:\Users\lam\AppData\Local\.meteor\packages\meteor-tool\1.4.1_2\mt-os.windows.x86_32\dev_bundle\lib\node_modules\.bin;C:\MinGW\bin;C:\MinGW\libexec\gcc\x86_64-pc-mingw32\4.8.2;C:\ProgramData\Oracle\Java\javapath;C:\Program Files (x86)\NVIDIA Corporation\PhysX\Common;C:\Program Files\Common Files\Microsoft Shared\Windows Live;C:\Program Files (x86)\Common Files\Microsoft Shared\Windows Live;C:\WINDOWS\system32;C:\WINDOWS;C:\WINDOWS\System32\Wbem;C:\WINDOWS\System32\WindowsPowerShell\v1.0\;C:\Program Files\Intel\WiFi\bin\;C:\Program Files\Common Files\Intel\WirelessCommon\;C:\Program Files (x86)\Windows Live\Shared;C:\Program Files (x86)\Common Files\Roxio Shared\DLLShared\;C:\Program Files (x86)\Common Files\Roxio Shared\OEM\DLLShared\;C:\Program Files (x86)\Common Files\Roxio Shared\OEM\12.0\DLLShared\;C:\Program Files (x86)\Roxio\OEM\AudioCore\;C:\Program Files (x86)\CineForm\Tools;C:\Program Files (x86)\Intel\OpenCL SDK\2.0\bin\x86;C:\Program Files (x86)\Intel\OpenCL SDK\2.0\bin\x64;C:\Program Files (x86)\QuickTime\QTSystem\;C:\Program Files\Microsoft SQL Server\110\Tools\Binn\;C:\Program Files\Microsoft SQL Server\130\Tools\Binn\;C:\Program Files\nodejs\;C:\Program Files (x86)\Windows Kits\8.1\Windows Performance Toolkit\;C:\Program Files\Java\jdk1.8.0_25\bin;C:\Program Files (x86)\SSH Communications Security\SSH Secure Shell;C:\Users\lam\AppData\Local\Microsoft\WindowsApps;C:\Users\lam\AppData\Roaming\npm;C:\Users\lam\AppData\Local\.meteor\
378 verbose lifecycle bcrypt@0.8.7~install: CWD: C:\Users\lam\Documents\GitHub\cram\app\node_modules\bcrypt
379 silly lifecycle bcrypt@0.8.7~install: Args: [ '/d /s /c', 'node-gyp rebuild' ]
380 silly lifecycle bcrypt@0.8.7~install: Returned: code: 1  signal: null
381 info lifecycle bcrypt@0.8.7~install: Failed to exec install script
382 verbose unlock done using C:\Users\lam\AppData\Roaming\npm-cache\_locks\staging-35a53962debe96f4.lock for C:\Users\lam\Documents\GitHub\cram\app\node_modules\.staging
383 silly rollbackFailedOptional Starting
384 silly rollbackFailedOptional Finishing
385 silly runTopLevelLifecycles Finishing
386 silly install printInstalled
387 verbose stack Error: bcrypt@0.8.7 install: `node-gyp rebuild`
387 verbose stack Exit status 1
387 verbose stack     at EventEmitter.<anonymous> (C:\Users\lam\AppData\Local\.meteor\packages\meteor-tool\1.4.1_2\mt-os.windows.x86_32\dev_bundle\lib\node_modules\npm\lib\utils\lifecycle.js:255:16)
387 verbose stack     at emitTwo (events.js:87:13)
387 verbose stack     at EventEmitter.emit (events.js:172:7)
387 verbose stack     at ChildProcess.<anonymous> (C:\Users\lam\AppData\Local\.meteor\packages\meteor-tool\1.4.1_2\mt-os.windows.x86_32\dev_bundle\lib\node_modules\npm\lib\utils\spawn.js:40:14)
387 verbose stack     at emitTwo (events.js:87:13)
387 verbose stack     at ChildProcess.emit (events.js:172:7)
387 verbose stack     at maybeClose (internal/child_process.js:829:16)
387 verbose stack     at Process.ChildProcess._handle.onexit (internal/child_process.js:211:5)
388 verbose pkgid bcrypt@0.8.7
389 verbose cwd C:\Users\lam\Documents\GitHub\cram\app
390 error Windows_NT 10.0.14393
391 error argv "C:\\Users\\lam\\AppData\\Local\\.meteor\\packages\\meteor-tool\\1.4.1_2\\mt-os.windows.x86_32\\dev_bundle\\bin\\node.exe" "C:\\Users\\lam\\AppData\\Local\\.meteor\\packages\\meteor-tool\\1.4.1_2\\mt-os.windows.x86_32\\dev_bundle\\lib\\node_modules\\npm\\bin\\npm-cli.js" "install" "--save" "bcrypt"
392 error node v4.6.0
393 error npm  v3.10.8
394 error code ELIFECYCLE
395 error bcrypt@0.8.7 install: `node-gyp rebuild`
395 error Exit status 1
396 error Failed at the bcrypt@0.8.7 install script 'node-gyp rebuild'.
396 error Make sure you have the latest version of node.js and npm installed.
396 error If you do, this is most likely a problem with the bcrypt package,
396 error not with npm itself.
396 error Tell the author that this fails on your system:
396 error     node-gyp rebuild
396 error You can get information on how to open an issue for this project with:
396 error     npm bugs bcrypt
396 error Or if that isn't available, you can get their info via:
396 error     npm owner ls bcrypt
396 error There is likely additional logging output above.
397 verbose exit [ 1, true ]
